<?xml version="1.0" encoding="UTF-8"?>
<testsuite xmlns:xsi="http://www.w3.org/2001/XMLSchema-instance" xsi:noNamespaceSchemaLocation="https://maven.apache.org/surefire/maven-surefire-plugin/xsd/surefire-test-report.xsd" name="com.zwvalidator.ZWValidatorTests" time="0.048" tests="10" errors="0" skipped="0" failures="0">
  <properties>
[...]
</properties>
  <testcase name="testPassportNumber_whenNumberIsNotValid" classname="com.zwvalidator.ZWValidatorTests" time="0.025"/>
  <testcase name="testIDNumber_whenValid" classname="com.zwvalidator.ZWValidatorTests" time="0"/>
  <testcase name="testNumberPlate_whenValid" classname="com.zwvalidator.ZWValidatorTests" time="0.001"/>
  <testcase name="testMobileNumber_whenNumberIsValid" classname="com.zwvalidator.ZWValidatorTests" time="0.001"/>
  <testcase name="testMobileNumber_whenNumberIsNotValid" classname="com.zwvalidator.ZWValidatorTests" time="0.002"/>
  <testcase name="testDriverLicenceNumber_whenNotValid" classname="com.zwvalidator.ZWValidatorTests" time="0.001"/>
  <testcase name="testIDNumber_whenNotValid" classname="com.zwvalidator.ZWValidatorTests" time="0.001"/>
  <testcase name="testNumberPlate_whenNotValid" classname="com.zwvalidator.ZWValidatorTests" time="0.001"/>
  <testcase name="testPassportNumber_whenValid" classname="com.zwvalidator.ZWValidatorTests" time="0.001"/>
  <testcase name="testDriverLicenceNumber_whenValid" classname="com.zwvalidator.ZWValidatorTests" time="0"/>
</testsuite>